<?xml version="1.0" encoding="UTF-8"?>
<testsuites>
  <testsuite name="Welcome_test" file="C:\xampp\htdocs\CodeIgniter\ci3\application\tests\controllers\Welcome_test.php" fullPackage="Welcome" tests="3" assertions="3" failures="1" errors="0" time="1.171644">
    <testcase name="test_index" class="Welcome_test" file="C:\xampp\htdocs\CodeIgniter\ci3\application\tests\controllers\Welcome_test.php" line="13" assertions="1" time="1.097872">
      <failure type="PHPUnit_Framework_ExpectationFailedException">Welcome_test::test_index
Failed asserting that '    &lt;!DOCTYPE html&gt;
&lt;html lang="en"&gt;
&lt;head&gt;
    &lt;meta charset="utf-8"&gt;
    &lt;meta http-equiv="X-UA-Compatible" content="IE=edge"&gt;
    &lt;meta name="viewport" content="width=device-width, initial-scale=1"&gt;
    &lt;meta name="description" content=""&gt;
    &lt;meta name="author" content=""&gt;
    &lt;title&gt;Welcome to CodeIgniter&lt;/title&gt;
    &lt;link rel="stylesheet" type="text/css" href="css/styles.css?v=543"&gt;
    &lt;link href="https://maxcdn.bootstrapcdn.com/font-awesome/4.7.0/css/font-awesome.min.css" rel="stylesheet" integrity="sha384-wvfXpqpZZVQGK6TAh5PVlGOfQNHSoD2xbE+QkPxCAFlNEevoEH3Sl0sibVcOQVnN" crossorigin="anonymous"&gt;

&lt;/head&gt;
&lt;body class="main_body"&gt;

    &lt;nav class="navbar navbar-inverse" role="navigation"&gt;
        &lt;div class="container"&gt;
            &lt;!-- Brand and toggle get grouped for better mobile display --&gt;
            &lt;div class="navbar-header"&gt;
                &lt;button type="button" class="navbar-toggle" data-toggle="collapse" data-target="#bs-example-navbar-collapse-1"&gt;
                    &lt;span class="sr-only"&gt;Toggle navigation&lt;/span&gt;
                    &lt;span class="icon-bar"&gt;&lt;/span&gt;
                    &lt;span class="icon-bar"&gt;&lt;/span&gt;
                    &lt;span class="icon-bar"&gt;&lt;/span&gt;
                &lt;/button&gt;
            &lt;/div&gt;
            &lt;!-- Collect the nav links, forms, and other content for toggling --&gt;
            &lt;div class="collapse navbar-collapse" id="bs-example-navbar-collapse-1"&gt;
                &lt;ul class="nav navbar-nav"&gt;
                    &lt;li&gt;
                        &lt;a href="#"&gt;About&lt;/a&gt;
                    &lt;/li&gt;
                    &lt;li&gt;
                        &lt;a href="#"&gt;Services&lt;/a&gt;
                    &lt;/li&gt;
                    &lt;li&gt;
                        &lt;a href="#"&gt;Contact&lt;/a&gt;
                    &lt;/li&gt;
                &lt;/ul&gt;
            &lt;/div&gt;
            &lt;!-- /.navbar-collapse --&gt;
        &lt;/div&gt;
        &lt;!-- /.container --&gt;
    &lt;/nav&gt;

    &lt;!-- Page Content --&gt;
    &lt;div class="container"&gt;

        &lt;!-- Heading Row --&gt;
        &lt;div class="row"&gt;
            &lt;div class="col-md-8"&gt;
                &lt;img class="img-responsive img-rounded" src="img/codeigniter.jpg" alt=""&gt;
            &lt;/div&gt;
            &lt;!-- /.col-md-8 --&gt;
            &lt;div class="col-md-4"&gt;
                &lt;h1&gt;Codeigniter 3 Basic Template&lt;/h1&gt;
                &lt;p&gt;CodeIgniter is a powerful PHP framework with a very small footprint, built for developers who need a simple and elegant toolkit to create full-featured web applications.&lt;/p&gt;
                &lt;a class="btn btn-primary btn-lg" href="https://codeigniter.com/"&gt;Visit Site&lt;/a&gt;
            &lt;/div&gt;
            &lt;!-- /.col-md-4 --&gt;
        &lt;/div&gt;
        &lt;!-- /.row --&gt;

        &lt;hr&gt;

        &lt;!-- Call to Action Well --&gt;
        &lt;div class="row"&gt;
            &lt;div class="col-lg-12"&gt;
                &lt;div class="well text-center"&gt;
                    CodeIgniter 3 has a 2MB download, including the user guide.
                &lt;/div&gt;
            &lt;/div&gt;
            &lt;!-- /.col-lg-12 --&gt;
        &lt;/div&gt;
        &lt;!-- /.row --&gt;

        &lt;!-- Content Row --&gt;
        &lt;div class="row"&gt;
            &lt;div class="col-md-4 text-center"&gt;
                &lt;h2&gt;Bootstrap 3.3.7 SASS.&lt;/h2&gt;
                &lt;p&gt;bootstrap-sass is a Sass-powered version of Bootstrap 3, ready to drop right into your Sass powered applications.&lt;/p&gt;
                &lt;a target="_blank" class="btn btn-default" href="https://www.npmjs.com/package/bootstrap-sass"&gt;More Info&lt;/a&gt;
            &lt;/div&gt;
            &lt;!-- /.col-md-4 --&gt;
            &lt;div class="col-md-4 text-center"&gt;
                &lt;h2&gt;Smarty templating system.&lt;/h2&gt;
                &lt;p&gt;Smarty is a web template system written in PHP. Smarty is primarily promoted as a tool for separation of concerns, allowing the front-end of a web page to change separately from its back-end.&lt;/p&gt;
                &lt;a target="_blank" class="btn btn-default" href="https://github.com/smarty-php/smarty"&gt;More Info&lt;/a&gt;
            &lt;/div&gt;
            &lt;!-- /.col-md-4 --&gt;
            &lt;div class="col-md-4 text-center"&gt;
                &lt;h2&gt;Composer dependencies.&lt;/h2&gt;
                &lt;p&gt;Composer is not a package manager in the same sense as Yum or Apt are. Yes, it deals with "packages" or libraries, but it manages them on a per-project basis, installing them in a directory (e.g. vendor ) inside your project.&lt;/p&gt;
                &lt;a target="_blank" class="btn btn-default" href="https://getcomposer.org/"&gt;More Info&lt;/a&gt;
            &lt;/div&gt;
            &lt;!-- /.col-md-4 --&gt;
        &lt;/div&gt;
        &lt;!-- /.row --&gt;

        &lt;!-- Footer --&gt;
        &lt;footer&gt;
            &lt;div class="row"&gt;
                &lt;div class="col-lg-12"&gt;
                    &lt;p&gt;Copyright &amp;copy; Your Website 2014&lt;/p&gt;
                &lt;/div&gt;
            &lt;/div&gt;
        &lt;/footer&gt;

    &lt;/div&gt;
    &lt;script src="https://ajax.googleapis.com/ajax/libs/jquery/3.1.1/jquery.min.js"&gt;&lt;/script&gt;
&lt;script src="https://maxcdn.bootstrapcdn.com/bootstrap/3.3.7/js/bootstrap.min.js" integrity="sha384-Tc5IQib027qvyjSMfHjOMaLkfuWVxZxUPnCJA7l2mCWNIpG9mGCD8wGNIcPD7Txa" crossorigin="anonymous"&gt;&lt;/script&gt;
&lt;script src="js/scripts.min.js"&gt;&lt;/script&gt;
&lt;/body&gt;
&lt;/html&gt;
' contains "&lt;h1&gt;Codeigniter 9 Basic Template&lt;/h1&gt;".

C:\xampp\htdocs\CodeIgniter\ci3\application\tests\controllers\Welcome_test.php:16
</failure>
    </testcase>
    <testcase name="test_method_404" class="Welcome_test" file="C:\xampp\htdocs\CodeIgniter\ci3\application\tests\controllers\Welcome_test.php" line="19" assertions="1" time="0.041729"/>
    <testcase name="test_APPPATH" class="Welcome_test" file="C:\xampp\htdocs\CodeIgniter\ci3\application\tests\controllers\Welcome_test.php" line="25" assertions="1" time="0.032043"/>
  </testsuite>
</testsuites>
